{"C:\\INSY7314_Source_VSC\\PulseVote\\PulseVote_backend\\app.js": {"path":"C:\\INSY7314_Source_VSC\\PulseVote\\PulseVote_backend\\app.js","statementMap":{"0":{"start":{"line":1,"column":16},"end":{"line":1,"column":34}},"1":{"start":{"line":2,"column":13},"end":{"line":2,"column":28}},"2":{"start":{"line":3,"column":15},"end":{"line":3,"column":32}},"3":{"start":{"line":4,"column":15},"end":{"line":4,"column":32}},"4":{"start":{"line":5,"column":19},"end":{"line":5,"column":49}},"5":{"start":{"line":6,"column":27},"end":{"line":6,"column":65}},"6":{"start":{"line":7,"column":19},"end":{"line":7,"column":49}},"7":{"start":{"line":8,"column":20},"end":{"line":8,"column":58}},"8":{"start":{"line":10,"column":0},"end":{"line":10,"column":16}},"9":{"start":{"line":11,"column":12},"end":{"line":11,"column":21}},"10":{"start":{"line":13,"column":0},"end":{"line":13,"column":18}},"11":{"start":{"line":15,"column":20},"end":{"line":15,"column":78}},"12":{"start":{"line":16,"column":23},"end":{"line":21,"column":1}},"13":{"start":{"line":23,"column":0},"end":{"line":35,"column":2}},"14":{"start":{"line":37,"column":16},"end":{"line":39,"column":19}},"15":{"start":{"line":39,"column":10},"end":{"line":39,"column":18}},"16":{"start":{"line":41,"column":0},"end":{"line":48,"column":4}},"17":{"start":{"line":43,"column":4},"end":{"line":43,"column":39}},"18":{"start":{"line":43,"column":17},"end":{"line":43,"column":39}},"19":{"start":{"line":44,"column":4},"end":{"line":44,"column":56}},"20":{"start":{"line":44,"column":34},"end":{"line":44,"column":56}},"21":{"start":{"line":45,"column":4},"end":{"line":45,"column":45}},"22":{"start":{"line":50,"column":0},"end":{"line":50,"column":24}},"23":{"start":{"line":51,"column":0},"end":{"line":51,"column":26}},"24":{"start":{"line":53,"column":0},"end":{"line":53,"column":33}},"25":{"start":{"line":54,"column":0},"end":{"line":54,"column":50}},"26":{"start":{"line":55,"column":0},"end":{"line":55,"column":34}},"27":{"start":{"line":57,"column":0},"end":{"line":61,"column":4}},"28":{"start":{"line":58,"column":0},"end":{"line":61,"column":2}},"29":{"start":{"line":63,"column":0},"end":{"line":64,"column":36}},"30":{"start":{"line":64,"column":0},"end":{"line":64,"column":34}},"31":{"start":{"line":66,"column":0},"end":{"line":72,"column":3}},"32":{"start":{"line":67,"column":0},"end":{"line":71,"column":3}},"33":{"start":{"line":74,"column":0},"end":{"line":79,"column":3}},"34":{"start":{"line":75,"column":0},"end":{"line":78,"column":3}},"35":{"start":{"line":81,"column":0},"end":{"line":81,"column":21}}},"fnMap":{"0":{"name":"(anonymous_0)","decl":{"start":{"line":39,"column":5},"end":{"line":39,"column":6}},"loc":{"start":{"line":39,"column":10},"end":{"line":39,"column":18}},"line":39},"1":{"name":"(anonymous_1)","decl":{"start":{"line":42,"column":8},"end":{"line":42,"column":9}},"loc":{"start":{"line":42,"column":24},"end":{"line":46,"column":1}},"line":42},"2":{"name":"(anonymous_2)","decl":{"start":{"line":57,"column":19},"end":{"line":57,"column":20}},"loc":{"start":{"line":58,"column":0},"end":{"line":61,"column":2}},"line":58},"3":{"name":"(anonymous_3)","decl":{"start":{"line":63,"column":13},"end":{"line":63,"column":14}},"loc":{"start":{"line":64,"column":0},"end":{"line":64,"column":34}},"line":64},"4":{"name":"(anonymous_4)","decl":{"start":{"line":66,"column":17},"end":{"line":66,"column":18}},"loc":{"start":{"line":66,"column":31},"end":{"line":72,"column":1}},"line":66},"5":{"name":"(anonymous_5)","decl":{"start":{"line":74,"column":35},"end":{"line":74,"column":36}},"loc":{"start":{"line":74,"column":49},"end":{"line":79,"column":1}},"line":74}},"branchMap":{"0":{"loc":{"start":{"line":15,"column":21},"end":{"line":15,"column":50}},"type":"binary-expr","locations":[{"start":{"line":15,"column":21},"end":{"line":15,"column":44}},{"start":{"line":15,"column":48},"end":{"line":15,"column":50}}],"line":15},"1":{"loc":{"start":{"line":32,"column":16},"end":{"line":32,"column":65}},"type":"cond-expr","locations":[{"start":{"line":32,"column":37},"end":{"line":32,"column":48}},{"start":{"line":32,"column":51},"end":{"line":32,"column":65}}],"line":32},"2":{"loc":{"start":{"line":37,"column":17},"end":{"line":37,"column":91}},"type":"binary-expr","locations":[{"start":{"line":37,"column":17},"end":{"line":37,"column":41}},{"start":{"line":37,"column":45},"end":{"line":37,"column":91}}],"line":37},"3":{"loc":{"start":{"line":43,"column":4},"end":{"line":43,"column":39}},"type":"if","locations":[{"start":{"line":43,"column":4},"end":{"line":43,"column":39}},{"start":{},"end":{}}],"line":43},"4":{"loc":{"start":{"line":44,"column":4},"end":{"line":44,"column":56}},"type":"if","locations":[{"start":{"line":44,"column":4},"end":{"line":44,"column":56}},{"start":{},"end":{}}],"line":44}},"s":{"0":1,"1":1,"2":1,"3":1,"4":1,"5":1,"6":1,"7":1,"8":1,"9":1,"10":1,"11":1,"12":1,"13":1,"14":1,"15":2,"16":1,"17":1,"18":1,"19":0,"20":0,"21":0,"22":1,"23":1,"24":1,"25":1,"26":1,"27":1,"28":1,"29":1,"30":0,"31":1,"32":0,"33":1,"34":0,"35":1},"f":{"0":2,"1":1,"2":1,"3":0,"4":0,"5":0},"b":{"0":[1,1],"1":[0,1],"2":[1,1],"3":[1,0],"4":[0,0]},"_coverageSchema":"1a1c01bbd47fc00a2c39e90264f33305004495a9","hash":"e43f7922b2dc5c21a1f10e74f9637edff4507865"}
,"C:\\INSY7314_Source_VSC\\PulseVote\\PulseVote_backend\\Controllers\\OrganisationController.js": {"path":"C:\\INSY7314_Source_VSC\\PulseVote\\PulseVote_backend\\Controllers\\OrganisationController.js","statementMap":{"0":{"start":{"line":1,"column":21},"end":{"line":1,"column":54}},"1":{"start":{"line":2,"column":13},"end":{"line":2,"column":38}},"2":{"start":{"line":3,"column":22},"end":{"line":3,"column":55}},"3":{"start":{"line":5,"column":0},"end":{"line":43,"column":2}},"4":{"start":{"line":6,"column":2},"end":{"line":42,"column":1}},"5":{"start":{"line":7,"column":17},"end":{"line":7,"column":38}},"6":{"start":{"line":8,"column":4},"end":{"line":8,"column":89}},"7":{"start":{"line":8,"column":15},"end":{"line":8,"column":89}},"8":{"start":{"line":10,"column":21},"end":{"line":10,"column":57}},"9":{"start":{"line":11,"column":4},"end":{"line":11,"column":95}},"10":{"start":{"line":11,"column":18},"end":{"line":11,"column":95}},"11":{"start":{"line":13,"column":16},"end":{"line":17,"column":6}},"12":{"start":{"line":18,"column":4},"end":{"line":18,"column":27}},"13":{"start":{"line":19,"column":4},"end":{"line":19,"column":21}},"14":{"start":{"line":21,"column":17},"end":{"line":21,"column":49}},"15":{"start":{"line":22,"column":27},"end":{"line":24,"column":5}},"16":{"start":{"line":23,"column":16},"end":{"line":23,"column":97}},"17":{"start":{"line":26,"column":4},"end":{"line":29,"column":5}},"18":{"start":{"line":27,"column":6},"end":{"line":27,"column":68}},"19":{"start":{"line":28,"column":6},"end":{"line":28,"column":24}},"20":{"start":{"line":31,"column":4},"end":{"line":35,"column":7}},"21":{"start":{"line":37,"column":2},"end":{"line":37,"column":21}},"22":{"start":{"line":38,"column":2},"end":{"line":41,"column":5}},"23":{"start":{"line":45,"column":0},"end":{"line":62,"column":2}},"24":{"start":{"line":46,"column":2},"end":{"line":61,"column":3}},"25":{"start":{"line":47,"column":17},"end":{"line":47,"column":56}},"26":{"start":{"line":48,"column":4},"end":{"line":48,"column":74}},"27":{"start":{"line":48,"column":15},"end":{"line":48,"column":74}},"28":{"start":{"line":50,"column":20},"end":{"line":50,"column":68}},"29":{"start":{"line":50,"column":46},"end":{"line":50,"column":67}},"30":{"start":{"line":51,"column":28},"end":{"line":53,"column":41}},"31":{"start":{"line":52,"column":24},"end":{"line":52,"column":43}},"32":{"start":{"line":53,"column":21},"end":{"line":53,"column":40}},"33":{"start":{"line":55,"column":18},"end":{"line":55,"column":66}},"34":{"start":{"line":56,"column":26},"end":{"line":56,"column":81}},"35":{"start":{"line":58,"column":4},"end":{"line":58,"column":35}},"36":{"start":{"line":60,"column":4},"end":{"line":60,"column":59}},"37":{"start":{"line":64,"column":0},"end":{"line":77,"column":2}},"38":{"start":{"line":65,"column":2},"end":{"line":76,"column":3}},"39":{"start":{"line":66,"column":31},"end":{"line":66,"column":41}},"40":{"start":{"line":67,"column":16},"end":{"line":67,"column":59}},"41":{"start":{"line":68,"column":4},"end":{"line":68,"column":81}},"42":{"start":{"line":68,"column":14},"end":{"line":68,"column":81}},"43":{"start":{"line":70,"column":4},"end":{"line":70,"column":27}},"44":{"start":{"line":71,"column":4},"end":{"line":71,"column":21}},"45":{"start":{"line":73,"column":4},"end":{"line":73,"column":82}},"46":{"start":{"line":75,"column":4},"end":{"line":75,"column":59}},"47":{"start":{"line":79,"column":0},"end":{"line":112,"column":2}},"48":{"start":{"line":80,"column":2},"end":{"line":111,"column":3}},"49":{"start":{"line":81,"column":21},"end":{"line":81,"column":46}},"50":{"start":{"line":82,"column":4},"end":{"line":82,"column":85}},"51":{"start":{"line":82,"column":19},"end":{"line":82,"column":85}},"52":{"start":{"line":84,"column":16},"end":{"line":84,"column":56}},"53":{"start":{"line":85,"column":4},"end":{"line":85,"column":76}},"54":{"start":{"line":85,"column":14},"end":{"line":85,"column":76}},"55":{"start":{"line":87,"column":17},"end":{"line":87,"column":49}},"56":{"start":{"line":88,"column":26},"end":{"line":90,"column":5}},"57":{"start":{"line":89,"column":16},"end":{"line":89,"column":94}},"58":{"start":{"line":92,"column":4},"end":{"line":94,"column":5}},"59":{"start":{"line":93,"column":6},"end":{"line":93,"column":92}},"60":{"start":{"line":96,"column":4},"end":{"line":99,"column":5}},"61":{"start":{"line":96,"column":40},"end":{"line":96,"column":75}},"62":{"start":{"line":97,"column":6},"end":{"line":97,"column":36}},"63":{"start":{"line":98,"column":6},"end":{"line":98,"column":23}},"64":{"start":{"line":101,"column":4},"end":{"line":101,"column":63}},"65":{"start":{"line":102,"column":4},"end":{"line":102,"column":22}},"66":{"start":{"line":104,"column":4},"end":{"line":108,"column":7}},"67":{"start":{"line":110,"column":4},"end":{"line":110,"column":59}}},"fnMap":{"0":{"name":"(anonymous_0)","decl":{"start":{"line":5,"column":29},"end":{"line":5,"column":30}},"loc":{"start":{"line":5,"column":49},"end":{"line":43,"column":1}},"line":5},"1":{"name":"(anonymous_1)","decl":{"start":{"line":23,"column":6},"end":{"line":23,"column":7}},"loc":{"start":{"line":23,"column":16},"end":{"line":23,"column":97}},"line":23},"2":{"name":"(anonymous_2)","decl":{"start":{"line":45,"column":29},"end":{"line":45,"column":30}},"loc":{"start":{"line":45,"column":49},"end":{"line":62,"column":1}},"line":45},"3":{"name":"(anonymous_3)","decl":{"start":{"line":50,"column":36},"end":{"line":50,"column":37}},"loc":{"start":{"line":50,"column":46},"end":{"line":50,"column":67}},"line":50},"4":{"name":"(anonymous_4)","decl":{"start":{"line":52,"column":14},"end":{"line":52,"column":15}},"loc":{"start":{"line":52,"column":24},"end":{"line":52,"column":43}},"line":52},"5":{"name":"(anonymous_5)","decl":{"start":{"line":53,"column":11},"end":{"line":53,"column":12}},"loc":{"start":{"line":53,"column":21},"end":{"line":53,"column":40}},"line":53},"6":{"name":"(anonymous_6)","decl":{"start":{"line":64,"column":27},"end":{"line":64,"column":28}},"loc":{"start":{"line":64,"column":47},"end":{"line":77,"column":1}},"line":64},"7":{"name":"(anonymous_7)","decl":{"start":{"line":79,"column":27},"end":{"line":79,"column":28}},"loc":{"start":{"line":79,"column":47},"end":{"line":112,"column":1}},"line":79},"8":{"name":"(anonymous_8)","decl":{"start":{"line":89,"column":6},"end":{"line":89,"column":7}},"loc":{"start":{"line":89,"column":16},"end":{"line":89,"column":94}},"line":89},"9":{"name":"(anonymous_9)","decl":{"start":{"line":96,"column":26},"end":{"line":96,"column":27}},"loc":{"start":{"line":96,"column":40},"end":{"line":96,"column":75}},"line":96}},"branchMap":{"0":{"loc":{"start":{"line":8,"column":4},"end":{"line":8,"column":89}},"type":"if","locations":[{"start":{"line":8,"column":4},"end":{"line":8,"column":89}},{"start":{},"end":{}}],"line":8},"1":{"loc":{"start":{"line":11,"column":4},"end":{"line":11,"column":95}},"type":"if","locations":[{"start":{"line":11,"column":4},"end":{"line":11,"column":95}},{"start":{},"end":{}}],"line":11},"2":{"loc":{"start":{"line":23,"column":16},"end":{"line":23,"column":97}},"type":"binary-expr","locations":[{"start":{"line":23,"column":16},"end":{"line":23,"column":39}},{"start":{"line":23,"column":43},"end":{"line":23,"column":97}}],"line":23},"3":{"loc":{"start":{"line":26,"column":4},"end":{"line":29,"column":5}},"type":"if","locations":[{"start":{"line":26,"column":4},"end":{"line":29,"column":5}},{"start":{},"end":{}}],"line":26},"4":{"loc":{"start":{"line":48,"column":4},"end":{"line":48,"column":74}},"type":"if","locations":[{"start":{"line":48,"column":4},"end":{"line":48,"column":74}},{"start":{},"end":{}}],"line":48},"5":{"loc":{"start":{"line":55,"column":18},"end":{"line":55,"column":66}},"type":"cond-expr","locations":[{"start":{"line":55,"column":28},"end":{"line":55,"column":30}},{"start":{"line":55,"column":33},"end":{"line":55,"column":66}}],"line":55},"6":{"loc":{"start":{"line":68,"column":4},"end":{"line":68,"column":81}},"type":"if","locations":[{"start":{"line":68,"column":4},"end":{"line":68,"column":81}},{"start":{},"end":{}}],"line":68},"7":{"loc":{"start":{"line":82,"column":4},"end":{"line":82,"column":85}},"type":"if","locations":[{"start":{"line":82,"column":4},"end":{"line":82,"column":85}},{"start":{},"end":{}}],"line":82},"8":{"loc":{"start":{"line":85,"column":4},"end":{"line":85,"column":76}},"type":"if","locations":[{"start":{"line":85,"column":4},"end":{"line":85,"column":76}},{"start":{},"end":{}}],"line":85},"9":{"loc":{"start":{"line":89,"column":16},"end":{"line":89,"column":94}},"type":"binary-expr","locations":[{"start":{"line":89,"column":16},"end":{"line":89,"column":36}},{"start":{"line":89,"column":40},"end":{"line":89,"column":94}}],"line":89},"10":{"loc":{"start":{"line":92,"column":4},"end":{"line":94,"column":5}},"type":"if","locations":[{"start":{"line":92,"column":4},"end":{"line":94,"column":5}},{"start":{},"end":{}}],"line":92},"11":{"loc":{"start":{"line":96,"column":4},"end":{"line":99,"column":5}},"type":"if","locations":[{"start":{"line":96,"column":4},"end":{"line":99,"column":5}},{"start":{},"end":{}}],"line":96}},"s":{"0":1,"1":1,"2":1,"3":1,"4":0,"5":0,"6":0,"7":0,"8":0,"9":0,"10":0,"11":0,"12":0,"13":0,"14":0,"15":0,"16":0,"17":0,"18":0,"19":0,"20":0,"21":0,"22":0,"23":1,"24":0,"25":0,"26":0,"27":0,"28":0,"29":0,"30":0,"31":0,"32":0,"33":0,"34":0,"35":0,"36":0,"37":1,"38":0,"39":0,"40":0,"41":0,"42":0,"43":0,"44":0,"45":0,"46":0,"47":1,"48":0,"49":0,"50":0,"51":0,"52":0,"53":0,"54":0,"55":0,"56":0,"57":0,"58":0,"59":0,"60":0,"61":0,"62":0,"63":0,"64":0,"65":0,"66":0,"67":0},"f":{"0":0,"1":0,"2":0,"3":0,"4":0,"5":0,"6":0,"7":0,"8":0,"9":0},"b":{"0":[0,0],"1":[0,0],"2":[0,0],"3":[0,0],"4":[0,0],"5":[0,0],"6":[0,0],"7":[0,0],"8":[0,0],"9":[0,0],"10":[0,0],"11":[0,0]},"_coverageSchema":"1a1c01bbd47fc00a2c39e90264f33305004495a9","hash":"68277d31d5f9ee548026cdc30646ccd9c7f6dbe7"}
,"C:\\INSY7314_Source_VSC\\PulseVote\\PulseVote_backend\\Controllers\\authController.js": {"path":"C:\\INSY7314_Source_VSC\\PulseVote\\PulseVote_backend\\Controllers\\authController.js","statementMap":{"0":{"start":{"line":1,"column":13},"end":{"line":1,"column":38}},"1":{"start":{"line":2,"column":29},"end":{"line":2,"column":57}},"2":{"start":{"line":3,"column":22},"end":{"line":3,"column":55}},"3":{"start":{"line":5,"column":0},"end":{"line":30,"column":2}},"4":{"start":{"line":6,"column":17},"end":{"line":6,"column":38}},"5":{"start":{"line":7,"column":2},"end":{"line":9,"column":3}},"6":{"start":{"line":8,"column":4},"end":{"line":8,"column":86}},"7":{"start":{"line":11,"column":30},"end":{"line":11,"column":38}},"8":{"start":{"line":13,"column":2},"end":{"line":29,"column":3}},"9":{"start":{"line":14,"column":21},"end":{"line":14,"column":50}},"10":{"start":{"line":15,"column":4},"end":{"line":15,"column":83}},"11":{"start":{"line":15,"column":18},"end":{"line":15,"column":83}},"12":{"start":{"line":17,"column":17},"end":{"line":21,"column":6}},"13":{"start":{"line":23,"column":4},"end":{"line":26,"column":7}},"14":{"start":{"line":28,"column":4},"end":{"line":28,"column":59}},"15":{"start":{"line":32,"column":0},"end":{"line":58,"column":2}},"16":{"start":{"line":33,"column":17},"end":{"line":33,"column":38}},"17":{"start":{"line":34,"column":2},"end":{"line":36,"column":3}},"18":{"start":{"line":35,"column":4},"end":{"line":35,"column":86}},"19":{"start":{"line":38,"column":2},"end":{"line":57,"column":3}},"20":{"start":{"line":39,"column":32},"end":{"line":39,"column":40}},"21":{"start":{"line":40,"column":21},"end":{"line":40,"column":50}},"22":{"start":{"line":41,"column":4},"end":{"line":41,"column":83}},"23":{"start":{"line":41,"column":18},"end":{"line":41,"column":83}},"24":{"start":{"line":43,"column":24},"end":{"line":47,"column":6}},"25":{"start":{"line":51,"column":4},"end":{"line":54,"column":7}},"26":{"start":{"line":56,"column":4},"end":{"line":56,"column":59}},"27":{"start":{"line":60,"column":0},"end":{"line":92,"column":2}},"28":{"start":{"line":61,"column":17},"end":{"line":61,"column":38}},"29":{"start":{"line":62,"column":2},"end":{"line":64,"column":3}},"30":{"start":{"line":63,"column":4},"end":{"line":63,"column":86}},"31":{"start":{"line":66,"column":2},"end":{"line":91,"column":3}},"32":{"start":{"line":67,"column":32},"end":{"line":67,"column":40}},"33":{"start":{"line":68,"column":24},"end":{"line":68,"column":68}},"34":{"start":{"line":72,"column":4},"end":{"line":74,"column":5}},"35":{"start":{"line":73,"column":6},"end":{"line":73,"column":91}},"36":{"start":{"line":76,"column":21},"end":{"line":76,"column":50}},"37":{"start":{"line":77,"column":4},"end":{"line":77,"column":83}},"38":{"start":{"line":77,"column":18},"end":{"line":77,"column":83}},"39":{"start":{"line":79,"column":22},"end":{"line":83,"column":6}},"40":{"start":{"line":85,"column":4},"end":{"line":88,"column":7}},"41":{"start":{"line":90,"column":4},"end":{"line":90,"column":59}},"42":{"start":{"line":94,"column":0},"end":{"line":112,"column":2}},"43":{"start":{"line":95,"column":17},"end":{"line":95,"column":38}},"44":{"start":{"line":96,"column":2},"end":{"line":98,"column":3}},"45":{"start":{"line":97,"column":4},"end":{"line":97,"column":86}},"46":{"start":{"line":100,"column":30},"end":{"line":100,"column":38}},"47":{"start":{"line":102,"column":2},"end":{"line":111,"column":3}},"48":{"start":{"line":103,"column":17},"end":{"line":103,"column":46}},"49":{"start":{"line":104,"column":4},"end":{"line":106,"column":5}},"50":{"start":{"line":105,"column":6},"end":{"line":105,"column":70}},"51":{"start":{"line":108,"column":4},"end":{"line":108,"column":52}},"52":{"start":{"line":110,"column":4},"end":{"line":110,"column":59}}},"fnMap":{"0":{"name":"(anonymous_0)","decl":{"start":{"line":5,"column":23},"end":{"line":5,"column":24}},"loc":{"start":{"line":5,"column":43},"end":{"line":30,"column":1}},"line":5},"1":{"name":"(anonymous_1)","decl":{"start":{"line":32,"column":26},"end":{"line":32,"column":27}},"loc":{"start":{"line":32,"column":46},"end":{"line":58,"column":1}},"line":32},"2":{"name":"(anonymous_2)","decl":{"start":{"line":60,"column":24},"end":{"line":60,"column":25}},"loc":{"start":{"line":60,"column":44},"end":{"line":92,"column":1}},"line":60},"3":{"name":"(anonymous_3)","decl":{"start":{"line":94,"column":16},"end":{"line":94,"column":17}},"loc":{"start":{"line":94,"column":36},"end":{"line":112,"column":1}},"line":94}},"branchMap":{"0":{"loc":{"start":{"line":7,"column":2},"end":{"line":9,"column":3}},"type":"if","locations":[{"start":{"line":7,"column":2},"end":{"line":9,"column":3}},{"start":{},"end":{}}],"line":7},"1":{"loc":{"start":{"line":15,"column":4},"end":{"line":15,"column":83}},"type":"if","locations":[{"start":{"line":15,"column":4},"end":{"line":15,"column":83}},{"start":{},"end":{}}],"line":15},"2":{"loc":{"start":{"line":34,"column":2},"end":{"line":36,"column":3}},"type":"if","locations":[{"start":{"line":34,"column":2},"end":{"line":36,"column":3}},{"start":{},"end":{}}],"line":34},"3":{"loc":{"start":{"line":41,"column":4},"end":{"line":41,"column":83}},"type":"if","locations":[{"start":{"line":41,"column":4},"end":{"line":41,"column":83}},{"start":{},"end":{}}],"line":41},"4":{"loc":{"start":{"line":62,"column":2},"end":{"line":64,"column":3}},"type":"if","locations":[{"start":{"line":62,"column":2},"end":{"line":64,"column":3}},{"start":{},"end":{}}],"line":62},"5":{"loc":{"start":{"line":72,"column":4},"end":{"line":74,"column":5}},"type":"if","locations":[{"start":{"line":72,"column":4},"end":{"line":74,"column":5}},{"start":{},"end":{}}],"line":72},"6":{"loc":{"start":{"line":77,"column":4},"end":{"line":77,"column":83}},"type":"if","locations":[{"start":{"line":77,"column":4},"end":{"line":77,"column":83}},{"start":{},"end":{}}],"line":77},"7":{"loc":{"start":{"line":96,"column":2},"end":{"line":98,"column":3}},"type":"if","locations":[{"start":{"line":96,"column":2},"end":{"line":98,"column":3}},{"start":{},"end":{}}],"line":96},"8":{"loc":{"start":{"line":104,"column":4},"end":{"line":106,"column":5}},"type":"if","locations":[{"start":{"line":104,"column":4},"end":{"line":106,"column":5}},{"start":{},"end":{}}],"line":104},"9":{"loc":{"start":{"line":104,"column":8},"end":{"line":104,"column":56}},"type":"binary-expr","locations":[{"start":{"line":104,"column":8},"end":{"line":104,"column":13}},{"start":{"line":104,"column":17},"end":{"line":104,"column":56}}],"line":104}},"s":{"0":1,"1":1,"2":1,"3":1,"4":0,"5":0,"6":0,"7":0,"8":0,"9":0,"10":0,"11":0,"12":0,"13":0,"14":0,"15":1,"16":0,"17":0,"18":0,"19":0,"20":0,"21":0,"22":0,"23":0,"24":0,"25":0,"26":0,"27":1,"28":0,"29":0,"30":0,"31":0,"32":0,"33":0,"34":0,"35":0,"36":0,"37":0,"38":0,"39":0,"40":0,"41":0,"42":1,"43":0,"44":0,"45":0,"46":0,"47":0,"48":0,"49":0,"50":0,"51":0,"52":0},"f":{"0":0,"1":0,"2":0,"3":0},"b":{"0":[0,0],"1":[0,0],"2":[0,0],"3":[0,0],"4":[0,0],"5":[0,0],"6":[0,0],"7":[0,0],"8":[0,0],"9":[0,0]},"_coverageSchema":"1a1c01bbd47fc00a2c39e90264f33305004495a9","hash":"2bab886658fe20c909df36478a869c8bba8e3be5"}
,"C:\\INSY7314_Source_VSC\\PulseVote\\PulseVote_backend\\Controllers\\pollController.js": {"path":"C:\\INSY7314_Source_VSC\\PulseVote\\PulseVote_backend\\Controllers\\pollController.js","statementMap":{"0":{"start":{"line":1,"column":13},"end":{"line":1,"column":38}},"1":{"start":{"line":2,"column":21},"end":{"line":2,"column":54}},"2":{"start":{"line":3,"column":13},"end":{"line":3,"column":38}},"3":{"start":{"line":6,"column":2},"end":{"line":8,"column":4}},"4":{"start":{"line":7,"column":14},"end":{"line":7,"column":101}},"5":{"start":{"line":11,"column":0},"end":{"line":41,"column":2}},"6":{"start":{"line":12,"column":2},"end":{"line":40,"column":3}},"7":{"start":{"line":13,"column":31},"end":{"line":13,"column":39}},"8":{"start":{"line":14,"column":21},"end":{"line":14,"column":46}},"9":{"start":{"line":15,"column":20},"end":{"line":17,"column":10}},"10":{"start":{"line":16,"column":41},"end":{"line":16,"column":62}},"11":{"start":{"line":19,"column":4},"end":{"line":19,"column":89}},"12":{"start":{"line":19,"column":19},"end":{"line":19,"column":89}},"13":{"start":{"line":20,"column":4},"end":{"line":22,"column":5}},"14":{"start":{"line":21,"column":6},"end":{"line":21,"column":88}},"15":{"start":{"line":23,"column":4},"end":{"line":25,"column":5}},"16":{"start":{"line":23,"column":40},"end":{"line":23,"column":60}},"17":{"start":{"line":24,"column":6},"end":{"line":24,"column":78}},"18":{"start":{"line":27,"column":16},"end":{"line":27,"column":59}},"19":{"start":{"line":28,"column":4},"end":{"line":28,"column":81}},"20":{"start":{"line":28,"column":14},"end":{"line":28,"column":81}},"21":{"start":{"line":30,"column":17},"end":{"line":35,"column":6}},"22":{"start":{"line":37,"column":4},"end":{"line":37,"column":67}},"23":{"start":{"line":39,"column":4},"end":{"line":39,"column":59}},"24":{"start":{"line":43,"column":0},"end":{"line":71,"column":2}},"25":{"start":{"line":44,"column":2},"end":{"line":70,"column":3}},"26":{"start":{"line":45,"column":23},"end":{"line":45,"column":33}},"27":{"start":{"line":46,"column":28},"end":{"line":46,"column":36}},"28":{"start":{"line":48,"column":17},"end":{"line":48,"column":44}},"29":{"start":{"line":49,"column":4},"end":{"line":49,"column":74}},"30":{"start":{"line":49,"column":15},"end":{"line":49,"column":74}},"31":{"start":{"line":50,"column":4},"end":{"line":50,"column":91}},"32":{"start":{"line":50,"column":32},"end":{"line":50,"column":91}},"33":{"start":{"line":52,"column":17},"end":{"line":52,"column":56}},"34":{"start":{"line":53,"column":4},"end":{"line":55,"column":5}},"35":{"start":{"line":54,"column":6},"end":{"line":54,"column":96}},"36":{"start":{"line":57,"column":4},"end":{"line":59,"column":5}},"37":{"start":{"line":58,"column":6},"end":{"line":58,"column":70}},"38":{"start":{"line":61,"column":25},"end":{"line":61,"column":90}},"39":{"start":{"line":61,"column":51},"end":{"line":61,"column":89}},"40":{"start":{"line":62,"column":4},"end":{"line":62,"column":89}},"41":{"start":{"line":62,"column":22},"end":{"line":62,"column":89}},"42":{"start":{"line":64,"column":4},"end":{"line":64,"column":58}},"43":{"start":{"line":65,"column":4},"end":{"line":65,"column":22}},"44":{"start":{"line":67,"column":4},"end":{"line":67,"column":56}},"45":{"start":{"line":69,"column":4},"end":{"line":69,"column":59}},"46":{"start":{"line":73,"column":0},"end":{"line":120,"column":2}},"47":{"start":{"line":74,"column":2},"end":{"line":119,"column":3}},"48":{"start":{"line":75,"column":23},"end":{"line":75,"column":33}},"49":{"start":{"line":76,"column":17},"end":{"line":76,"column":51}},"50":{"start":{"line":77,"column":4},"end":{"line":77,"column":74}},"51":{"start":{"line":77,"column":15},"end":{"line":77,"column":74}},"52":{"start":{"line":79,"column":17},"end":{"line":79,"column":56}},"53":{"start":{"line":80,"column":20},"end":{"line":80,"column":68}},"54":{"start":{"line":80,"column":46},"end":{"line":80,"column":67}},"55":{"start":{"line":81,"column":21},"end":{"line":83,"column":5}},"56":{"start":{"line":82,"column":16},"end":{"line":82,"column":82}},"57":{"start":{"line":85,"column":4},"end":{"line":87,"column":5}},"58":{"start":{"line":86,"column":6},"end":{"line":86,"column":84}},"59":{"start":{"line":89,"column":19},"end":{"line":89,"column":53}},"60":{"start":{"line":90,"column":4},"end":{"line":94,"column":5}},"61":{"start":{"line":91,"column":6},"end":{"line":93,"column":7}},"62":{"start":{"line":92,"column":8},"end":{"line":92,"column":38}},"63":{"start":{"line":96,"column":23},"end":{"line":96,"column":68}},"64":{"start":{"line":96,"column":53},"end":{"line":96,"column":64}},"65":{"start":{"line":97,"column":24},"end":{"line":99,"column":5}},"66":{"start":{"line":98,"column":6},"end":{"line":98,"column":70}},"67":{"start":{"line":100,"column":21},"end":{"line":100,"column":88}},"68":{"start":{"line":100,"column":48},"end":{"line":100,"column":87}},"69":{"start":{"line":102,"column":4},"end":{"line":116,"column":7}},"70":{"start":{"line":118,"column":4},"end":{"line":118,"column":59}},"71":{"start":{"line":122,"column":0},"end":{"line":140,"column":2}},"72":{"start":{"line":123,"column":2},"end":{"line":139,"column":3}},"73":{"start":{"line":124,"column":31},"end":{"line":124,"column":41}},"74":{"start":{"line":125,"column":17},"end":{"line":125,"column":56}},"75":{"start":{"line":126,"column":20},"end":{"line":126,"column":68}},"76":{"start":{"line":126,"column":46},"end":{"line":126,"column":67}},"77":{"start":{"line":127,"column":21},"end":{"line":129,"column":5}},"78":{"start":{"line":128,"column":16},"end":{"line":128,"column":66}},"79":{"start":{"line":131,"column":4},"end":{"line":133,"column":5}},"80":{"start":{"line":132,"column":6},"end":{"line":132,"column":84}},"81":{"start":{"line":135,"column":18},"end":{"line":135,"column":71}},"82":{"start":{"line":136,"column":4},"end":{"line":136,"column":27}},"83":{"start":{"line":138,"column":4},"end":{"line":138,"column":59}},"84":{"start":{"line":143,"column":2},"end":{"line":160,"column":3}},"85":{"start":{"line":144,"column":17},"end":{"line":144,"column":55}},"86":{"start":{"line":145,"column":4},"end":{"line":145,"column":74}},"87":{"start":{"line":145,"column":15},"end":{"line":145,"column":74}},"88":{"start":{"line":147,"column":17},"end":{"line":147,"column":56}},"89":{"start":{"line":148,"column":20},"end":{"line":148,"column":68}},"90":{"start":{"line":148,"column":46},"end":{"line":148,"column":67}},"91":{"start":{"line":149,"column":22},"end":{"line":149,"column":79}},"92":{"start":{"line":151,"column":4},"end":{"line":153,"column":5}},"93":{"start":{"line":152,"column":6},"end":{"line":152,"column":85}},"94":{"start":{"line":155,"column":4},"end":{"line":155,"column":25}},"95":{"start":{"line":156,"column":4},"end":{"line":156,"column":22}},"96":{"start":{"line":157,"column":4},"end":{"line":157,"column":57}},"97":{"start":{"line":159,"column":4},"end":{"line":159,"column":59}},"98":{"start":{"line":163,"column":0},"end":{"line":163,"column":68}},"99":{"start":{"line":163,"column":34},"end":{"line":163,"column":67}},"100":{"start":{"line":164,"column":0},"end":{"line":164,"column":65}},"101":{"start":{"line":164,"column":33},"end":{"line":164,"column":64}}},"fnMap":{"0":{"name":"hasOrganisationRole","decl":{"start":{"line":5,"column":9},"end":{"line":5,"column":28}},"loc":{"start":{"line":5,"column":61},"end":{"line":9,"column":1}},"line":5},"1":{"name":"(anonymous_1)","decl":{"start":{"line":7,"column":4},"end":{"line":7,"column":5}},"loc":{"start":{"line":7,"column":14},"end":{"line":7,"column":101}},"line":7},"2":{"name":"(anonymous_2)","decl":{"start":{"line":11,"column":21},"end":{"line":11,"column":22}},"loc":{"start":{"line":11,"column":41},"end":{"line":41,"column":1}},"line":11},"3":{"name":"(anonymous_3)","decl":{"start":{"line":16,"column":29},"end":{"line":16,"column":30}},"loc":{"start":{"line":16,"column":41},"end":{"line":16,"column":62}},"line":16},"4":{"name":"(anonymous_4)","decl":{"start":{"line":23,"column":28},"end":{"line":23,"column":29}},"loc":{"start":{"line":23,"column":40},"end":{"line":23,"column":60}},"line":23},"5":{"name":"(anonymous_5)","decl":{"start":{"line":43,"column":19},"end":{"line":43,"column":20}},"loc":{"start":{"line":43,"column":39},"end":{"line":71,"column":1}},"line":43},"6":{"name":"(anonymous_6)","decl":{"start":{"line":61,"column":41},"end":{"line":61,"column":42}},"loc":{"start":{"line":61,"column":51},"end":{"line":61,"column":89}},"line":61},"7":{"name":"(anonymous_7)","decl":{"start":{"line":73,"column":25},"end":{"line":73,"column":26}},"loc":{"start":{"line":73,"column":45},"end":{"line":120,"column":1}},"line":73},"8":{"name":"(anonymous_8)","decl":{"start":{"line":80,"column":36},"end":{"line":80,"column":37}},"loc":{"start":{"line":80,"column":46},"end":{"line":80,"column":67}},"line":80},"9":{"name":"(anonymous_9)","decl":{"start":{"line":82,"column":6},"end":{"line":82,"column":7}},"loc":{"start":{"line":82,"column":16},"end":{"line":82,"column":82}},"line":82},"10":{"name":"(anonymous_10)","decl":{"start":{"line":96,"column":37},"end":{"line":96,"column":38}},"loc":{"start":{"line":96,"column":53},"end":{"line":96,"column":64}},"line":96},"11":{"name":"(anonymous_11)","decl":{"start":{"line":97,"column":35},"end":{"line":97,"column":36}},"loc":{"start":{"line":98,"column":6},"end":{"line":98,"column":70}},"line":98},"12":{"name":"(anonymous_12)","decl":{"start":{"line":100,"column":38},"end":{"line":100,"column":39}},"loc":{"start":{"line":100,"column":48},"end":{"line":100,"column":87}},"line":100},"13":{"name":"(anonymous_13)","decl":{"start":{"line":122,"column":22},"end":{"line":122,"column":23}},"loc":{"start":{"line":122,"column":42},"end":{"line":140,"column":1}},"line":122},"14":{"name":"(anonymous_14)","decl":{"start":{"line":126,"column":36},"end":{"line":126,"column":37}},"loc":{"start":{"line":126,"column":46},"end":{"line":126,"column":67}},"line":126},"15":{"name":"(anonymous_15)","decl":{"start":{"line":128,"column":6},"end":{"line":128,"column":7}},"loc":{"start":{"line":128,"column":16},"end":{"line":128,"column":66}},"line":128},"16":{"name":"setPollStatus","decl":{"start":{"line":142,"column":15},"end":{"line":142,"column":28}},"loc":{"start":{"line":142,"column":47},"end":{"line":161,"column":1}},"line":142},"17":{"name":"(anonymous_17)","decl":{"start":{"line":148,"column":36},"end":{"line":148,"column":37}},"loc":{"start":{"line":148,"column":46},"end":{"line":148,"column":67}},"line":148},"18":{"name":"(anonymous_18)","decl":{"start":{"line":163,"column":20},"end":{"line":163,"column":21}},"loc":{"start":{"line":163,"column":34},"end":{"line":163,"column":67}},"line":163},"19":{"name":"(anonymous_19)","decl":{"start":{"line":164,"column":19},"end":{"line":164,"column":20}},"loc":{"start":{"line":164,"column":33},"end":{"line":164,"column":64}},"line":164}},"branchMap":{"0":{"loc":{"start":{"line":7,"column":14},"end":{"line":7,"column":101}},"type":"binary-expr","locations":[{"start":{"line":7,"column":14},"end":{"line":7,"column":36}},{"start":{"line":7,"column":40},"end":{"line":7,"column":101}}],"line":7},"1":{"loc":{"start":{"line":15,"column":20},"end":{"line":17,"column":10}},"type":"cond-expr","locations":[{"start":{"line":16,"column":8},"end":{"line":16,"column":79}},{"start":{"line":17,"column":8},"end":{"line":17,"column":10}}],"line":15},"2":{"loc":{"start":{"line":19,"column":4},"end":{"line":19,"column":89}},"type":"if","locations":[{"start":{"line":19,"column":4},"end":{"line":19,"column":89}},{"start":{},"end":{}}],"line":19},"3":{"loc":{"start":{"line":20,"column":4},"end":{"line":22,"column":5}},"type":"if","locations":[{"start":{"line":20,"column":4},"end":{"line":22,"column":5}},{"start":{},"end":{}}],"line":20},"4":{"loc":{"start":{"line":23,"column":4},"end":{"line":25,"column":5}},"type":"if","locations":[{"start":{"line":23,"column":4},"end":{"line":25,"column":5}},{"start":{},"end":{}}],"line":23},"5":{"loc":{"start":{"line":28,"column":4},"end":{"line":28,"column":81}},"type":"if","locations":[{"start":{"line":28,"column":4},"end":{"line":28,"column":81}},{"start":{},"end":{}}],"line":28},"6":{"loc":{"start":{"line":49,"column":4},"end":{"line":49,"column":74}},"type":"if","locations":[{"start":{"line":49,"column":4},"end":{"line":49,"column":74}},{"start":{},"end":{}}],"line":49},"7":{"loc":{"start":{"line":50,"column":4},"end":{"line":50,"column":91}},"type":"if","locations":[{"start":{"line":50,"column":4},"end":{"line":50,"column":91}},{"start":{},"end":{}}],"line":50},"8":{"loc":{"start":{"line":53,"column":4},"end":{"line":55,"column":5}},"type":"if","locations":[{"start":{"line":53,"column":4},"end":{"line":55,"column":5}},{"start":{},"end":{}}],"line":53},"9":{"loc":{"start":{"line":57,"column":4},"end":{"line":59,"column":5}},"type":"if","locations":[{"start":{"line":57,"column":4},"end":{"line":59,"column":5}},{"start":{},"end":{}}],"line":57},"10":{"loc":{"start":{"line":57,"column":8},"end":{"line":57,"column":95}},"type":"binary-expr","locations":[{"start":{"line":57,"column":8},"end":{"line":57,"column":38}},{"start":{"line":57,"column":42},"end":{"line":57,"column":57}},{"start":{"line":57,"column":61},"end":{"line":57,"column":95}}],"line":57},"11":{"loc":{"start":{"line":62,"column":4},"end":{"line":62,"column":89}},"type":"if","locations":[{"start":{"line":62,"column":4},"end":{"line":62,"column":89}},{"start":{},"end":{}}],"line":62},"12":{"loc":{"start":{"line":77,"column":4},"end":{"line":77,"column":74}},"type":"if","locations":[{"start":{"line":77,"column":4},"end":{"line":77,"column":74}},{"start":{},"end":{}}],"line":77},"13":{"loc":{"start":{"line":85,"column":4},"end":{"line":87,"column":5}},"type":"if","locations":[{"start":{"line":85,"column":4},"end":{"line":87,"column":5}},{"start":{},"end":{}}],"line":85},"14":{"loc":{"start":{"line":85,"column":8},"end":{"line":85,"column":29}},"type":"binary-expr","locations":[{"start":{"line":85,"column":8},"end":{"line":85,"column":16}},{"start":{"line":85,"column":20},"end":{"line":85,"column":29}}],"line":85},"15":{"loc":{"start":{"line":90,"column":23},"end":{"line":90,"column":39}},"type":"binary-expr","locations":[{"start":{"line":90,"column":23},"end":{"line":90,"column":33}},{"start":{"line":90,"column":37},"end":{"line":90,"column":39}}],"line":90},"16":{"loc":{"start":{"line":91,"column":6},"end":{"line":93,"column":7}},"type":"if","locations":[{"start":{"line":91,"column":6},"end":{"line":93,"column":7}},{"start":{},"end":{}}],"line":91},"17":{"loc":{"start":{"line":91,"column":10},"end":{"line":91,"column":105}},"type":"binary-expr","locations":[{"start":{"line":91,"column":10},"end":{"line":91,"column":44}},{"start":{"line":91,"column":48},"end":{"line":91,"column":69}},{"start":{"line":91,"column":73},"end":{"line":91,"column":105}}],"line":91},"18":{"loc":{"start":{"line":98,"column":6},"end":{"line":98,"column":70}},"type":"cond-expr","locations":[{"start":{"line":98,"column":19},"end":{"line":98,"column":66}},{"start":{"line":98,"column":69},"end":{"line":98,"column":70}}],"line":98},"19":{"loc":{"start":{"line":114,"column":23},"end":{"line":114,"column":61}},"type":"cond-expr","locations":[{"start":{"line":114,"column":34},"end":{"line":114,"column":54}},{"start":{"line":114,"column":57},"end":{"line":114,"column":61}}],"line":114},"20":{"loc":{"start":{"line":131,"column":4},"end":{"line":133,"column":5}},"type":"if","locations":[{"start":{"line":131,"column":4},"end":{"line":133,"column":5}},{"start":{},"end":{}}],"line":131},"21":{"loc":{"start":{"line":131,"column":8},"end":{"line":131,"column":29}},"type":"binary-expr","locations":[{"start":{"line":131,"column":8},"end":{"line":131,"column":16}},{"start":{"line":131,"column":20},"end":{"line":131,"column":29}}],"line":131},"22":{"loc":{"start":{"line":145,"column":4},"end":{"line":145,"column":74}},"type":"if","locations":[{"start":{"line":145,"column":4},"end":{"line":145,"column":74}},{"start":{},"end":{}}],"line":145},"23":{"loc":{"start":{"line":151,"column":4},"end":{"line":153,"column":5}},"type":"if","locations":[{"start":{"line":151,"column":4},"end":{"line":153,"column":5}},{"start":{},"end":{}}],"line":151},"24":{"loc":{"start":{"line":151,"column":8},"end":{"line":151,"column":30}},"type":"binary-expr","locations":[{"start":{"line":151,"column":8},"end":{"line":151,"column":16}},{"start":{"line":151,"column":20},"end":{"line":151,"column":30}}],"line":151}},"s":{"0":1,"1":1,"2":1,"3":0,"4":0,"5":1,"6":0,"7":0,"8":0,"9":0,"10":0,"11":0,"12":0,"13":0,"14":0,"15":0,"16":0,"17":0,"18":0,"19":0,"20":0,"21":0,"22":0,"23":0,"24":1,"25":0,"26":0,"27":0,"28":0,"29":0,"30":0,"31":0,"32":0,"33":0,"34":0,"35":0,"36":0,"37":0,"38":0,"39":0,"40":0,"41":0,"42":0,"43":0,"44":0,"45":0,"46":1,"47":0,"48":0,"49":0,"50":0,"51":0,"52":0,"53":0,"54":0,"55":0,"56":0,"57":0,"58":0,"59":0,"60":0,"61":0,"62":0,"63":0,"64":0,"65":0,"66":0,"67":0,"68":0,"69":0,"70":0,"71":1,"72":0,"73":0,"74":0,"75":0,"76":0,"77":0,"78":0,"79":0,"80":0,"81":0,"82":0,"83":0,"84":0,"85":0,"86":0,"87":0,"88":0,"89":0,"90":0,"91":0,"92":0,"93":0,"94":0,"95":0,"96":0,"97":0,"98":1,"99":0,"100":1,"101":0},"f":{"0":0,"1":0,"2":0,"3":0,"4":0,"5":0,"6":0,"7":0,"8":0,"9":0,"10":0,"11":0,"12":0,"13":0,"14":0,"15":0,"16":0,"17":0,"18":0,"19":0},"b":{"0":[0,0],"1":[0,0],"2":[0,0],"3":[0,0],"4":[0,0],"5":[0,0],"6":[0,0],"7":[0,0],"8":[0,0],"9":[0,0],"10":[0,0,0],"11":[0,0],"12":[0,0],"13":[0,0],"14":[0,0],"15":[0,0],"16":[0,0],"17":[0,0,0],"18":[0,0],"19":[0,0],"20":[0,0],"21":[0,0],"22":[0,0],"23":[0,0],"24":[0,0]},"_coverageSchema":"1a1c01bbd47fc00a2c39e90264f33305004495a9","hash":"a3d0ebbf6a2800efbfc46046859b38053f41fe11"}
,"C:\\INSY7314_Source_VSC\\PulseVote\\PulseVote_backend\\MiddleWare\\authMiddleware.js": {"path":"C:\\INSY7314_Source_VSC\\PulseVote\\PulseVote_backend\\MiddleWare\\authMiddleware.js","statementMap":{"0":{"start":{"line":1,"column":12},"end":{"line":1,"column":35}},"1":{"start":{"line":3,"column":16},"end":{"line":16,"column":1}},"2":{"start":{"line":4,"column":21},"end":{"line":4,"column":46}},"3":{"start":{"line":5,"column":2},"end":{"line":6,"column":61}},"4":{"start":{"line":6,"column":4},"end":{"line":6,"column":61}},"5":{"start":{"line":8,"column":16},"end":{"line":8,"column":40}},"6":{"start":{"line":9,"column":2},"end":{"line":15,"column":3}},"7":{"start":{"line":10,"column":20},"end":{"line":10,"column":61}},"8":{"start":{"line":11,"column":4},"end":{"line":11,"column":23}},"9":{"start":{"line":12,"column":4},"end":{"line":12,"column":11}},"10":{"start":{"line":14,"column":4},"end":{"line":14,"column":66}},"11":{"start":{"line":19,"column":0},"end":{"line":19,"column":29}}},"fnMap":{"0":{"name":"(anonymous_0)","decl":{"start":{"line":3,"column":16},"end":{"line":3,"column":17}},"loc":{"start":{"line":3,"column":36},"end":{"line":16,"column":1}},"line":3}},"branchMap":{"0":{"loc":{"start":{"line":5,"column":2},"end":{"line":6,"column":61}},"type":"if","locations":[{"start":{"line":5,"column":2},"end":{"line":6,"column":61}},{"start":{},"end":{}}],"line":5},"1":{"loc":{"start":{"line":5,"column":6},"end":{"line":5,"column":54}},"type":"binary-expr","locations":[{"start":{"line":5,"column":6},"end":{"line":5,"column":17}},{"start":{"line":5,"column":21},"end":{"line":5,"column":54}}],"line":5}},"s":{"0":1,"1":1,"2":0,"3":0,"4":0,"5":0,"6":0,"7":0,"8":0,"9":0,"10":0,"11":1},"f":{"0":0},"b":{"0":[0,0],"1":[0,0]},"_coverageSchema":"1a1c01bbd47fc00a2c39e90264f33305004495a9","hash":"e2e12c115275012bdd8238cade1f712ea506cb1e"}
,"C:\\INSY7314_Source_VSC\\PulseVote\\PulseVote_backend\\MiddleWare\\rateLimiter.js": {"path":"C:\\INSY7314_Source_VSC\\PulseVote\\PulseVote_backend\\MiddleWare\\rateLimiter.js","statementMap":{"0":{"start":{"line":1,"column":38},"end":{"line":1,"column":67}},"1":{"start":{"line":3,"column":16},"end":{"line":10,"column":1}},"2":{"start":{"line":4,"column":2},"end":{"line":9,"column":4}},"3":{"start":{"line":12,"column":24},"end":{"line":23,"column":2}},"4":{"start":{"line":19,"column":4},"end":{"line":21,"column":7}},"5":{"start":{"line":25,"column":21},"end":{"line":41,"column":2}},"6":{"start":{"line":32,"column":18},"end":{"line":32,"column":39}},"7":{"start":{"line":34,"column":4},"end":{"line":34,"column":38}},"8":{"start":{"line":37,"column":4},"end":{"line":39,"column":7}},"9":{"start":{"line":43,"column":0},"end":{"line":43,"column":51}}},"fnMap":{"0":{"name":"(anonymous_0)","decl":{"start":{"line":3,"column":16},"end":{"line":3,"column":17}},"loc":{"start":{"line":3,"column":25},"end":{"line":10,"column":1}},"line":3},"1":{"name":"(anonymous_1)","decl":{"start":{"line":18,"column":11},"end":{"line":18,"column":12}},"loc":{"start":{"line":18,"column":25},"end":{"line":22,"column":3}},"line":18},"2":{"name":"(anonymous_2)","decl":{"start":{"line":31,"column":16},"end":{"line":31,"column":17}},"loc":{"start":{"line":31,"column":25},"end":{"line":35,"column":3}},"line":31},"3":{"name":"(anonymous_3)","decl":{"start":{"line":36,"column":11},"end":{"line":36,"column":12}},"loc":{"start":{"line":36,"column":25},"end":{"line":40,"column":3}},"line":36}},"branchMap":{"0":{"loc":{"start":{"line":5,"column":4},"end":{"line":8,"column":13}},"type":"binary-expr","locations":[{"start":{"line":5,"column":4},"end":{"line":5,"column":10}},{"start":{"line":6,"column":4},"end":{"line":6,"column":57}},{"start":{"line":7,"column":4},"end":{"line":7,"column":33}},{"start":{"line":8,"column":4},"end":{"line":8,"column":13}}],"line":5},"1":{"loc":{"start":{"line":32,"column":18},"end":{"line":32,"column":39}},"type":"binary-expr","locations":[{"start":{"line":32,"column":18},"end":{"line":32,"column":33}},{"start":{"line":32,"column":37},"end":{"line":32,"column":39}}],"line":32}},"s":{"0":1,"1":1,"2":0,"3":1,"4":0,"5":1,"6":0,"7":0,"8":0,"9":1},"f":{"0":0,"1":0,"2":0,"3":0},"b":{"0":[0,0,0,0],"1":[0,0]},"_coverageSchema":"1a1c01bbd47fc00a2c39e90264f33305004495a9","hash":"159f2a84f9f2c0165fcf2bb101757336c9679330"}
,"C:\\INSY7314_Source_VSC\\PulseVote\\PulseVote_backend\\MiddleWare\\roleMiddleware.js": {"path":"C:\\INSY7314_Source_VSC\\PulseVote\\PulseVote_backend\\MiddleWare\\roleMiddleware.js","statementMap":{"0":{"start":{"line":1,"column":13},"end":{"line":1,"column":38}},"1":{"start":{"line":3,"column":20},"end":{"line":31,"column":1}},"2":{"start":{"line":4,"column":2},"end":{"line":30,"column":4}},"3":{"start":{"line":5,"column":4},"end":{"line":29,"column":5}},"4":{"start":{"line":6,"column":19},"end":{"line":6,"column":51}},"5":{"start":{"line":7,"column":6},"end":{"line":7,"column":76}},"6":{"start":{"line":7,"column":17},"end":{"line":7,"column":76}},"7":{"start":{"line":9,"column":6},"end":{"line":13,"column":7}},"8":{"start":{"line":10,"column":24},"end":{"line":10,"column":64}},"9":{"start":{"line":10,"column":45},"end":{"line":10,"column":63}},"10":{"start":{"line":11,"column":8},"end":{"line":11,"column":76}},"11":{"start":{"line":11,"column":22},"end":{"line":11,"column":76}},"12":{"start":{"line":12,"column":8},"end":{"line":12,"column":22}},"13":{"start":{"line":15,"column":20},"end":{"line":15,"column":72}},"14":{"start":{"line":17,"column":22},"end":{"line":19,"column":7}},"15":{"start":{"line":18,"column":8},"end":{"line":18,"column":77}},"16":{"start":{"line":21,"column":6},"end":{"line":23,"column":7}},"17":{"start":{"line":21,"column":44},"end":{"line":21,"column":62}},"18":{"start":{"line":22,"column":8},"end":{"line":22,"column":62}},"19":{"start":{"line":26,"column":6},"end":{"line":26,"column":13}},"20":{"start":{"line":28,"column":6},"end":{"line":28,"column":54}},"21":{"start":{"line":33,"column":0},"end":{"line":33,"column":33}}},"fnMap":{"0":{"name":"(anonymous_0)","decl":{"start":{"line":3,"column":20},"end":{"line":3,"column":21}},"loc":{"start":{"line":3,"column":30},"end":{"line":31,"column":1}},"line":3},"1":{"name":"(anonymous_1)","decl":{"start":{"line":4,"column":9},"end":{"line":4,"column":10}},"loc":{"start":{"line":4,"column":35},"end":{"line":30,"column":3}},"line":4},"2":{"name":"(anonymous_2)","decl":{"start":{"line":10,"column":40},"end":{"line":10,"column":41}},"loc":{"start":{"line":10,"column":45},"end":{"line":10,"column":63}},"line":10},"3":{"name":"(anonymous_3)","decl":{"start":{"line":17,"column":38},"end":{"line":17,"column":39}},"loc":{"start":{"line":18,"column":8},"end":{"line":18,"column":77}},"line":18},"4":{"name":"(anonymous_4)","decl":{"start":{"line":21,"column":39},"end":{"line":21,"column":40}},"loc":{"start":{"line":21,"column":44},"end":{"line":21,"column":62}},"line":21}},"branchMap":{"0":{"loc":{"start":{"line":7,"column":6},"end":{"line":7,"column":76}},"type":"if","locations":[{"start":{"line":7,"column":6},"end":{"line":7,"column":76}},{"start":{},"end":{}}],"line":7},"1":{"loc":{"start":{"line":9,"column":6},"end":{"line":13,"column":7}},"type":"if","locations":[{"start":{"line":9,"column":6},"end":{"line":13,"column":7}},{"start":{},"end":{}}],"line":9},"2":{"loc":{"start":{"line":11,"column":8},"end":{"line":11,"column":76}},"type":"if","locations":[{"start":{"line":11,"column":8},"end":{"line":11,"column":76}},{"start":{},"end":{}}],"line":11},"3":{"loc":{"start":{"line":15,"column":20},"end":{"line":15,"column":72}},"type":"binary-expr","locations":[{"start":{"line":15,"column":20},"end":{"line":15,"column":45}},{"start":{"line":15,"column":49},"end":{"line":15,"column":72}}],"line":15},"4":{"loc":{"start":{"line":18,"column":8},"end":{"line":18,"column":77}},"type":"binary-expr","locations":[{"start":{"line":18,"column":8},"end":{"line":18,"column":23}},{"start":{"line":18,"column":28},"end":{"line":18,"column":34}},{"start":{"line":18,"column":38},"end":{"line":18,"column":76}}],"line":18},"5":{"loc":{"start":{"line":21,"column":6},"end":{"line":23,"column":7}},"type":"if","locations":[{"start":{"line":21,"column":6},"end":{"line":23,"column":7}},{"start":{},"end":{}}],"line":21},"6":{"loc":{"start":{"line":21,"column":10},"end":{"line":21,"column":63}},"type":"binary-expr","locations":[{"start":{"line":21,"column":10},"end":{"line":21,"column":18}},{"start":{"line":21,"column":22},"end":{"line":21,"column":63}}],"line":21}},"s":{"0":1,"1":1,"2":5,"3":0,"4":0,"5":0,"6":0,"7":0,"8":0,"9":0,"10":0,"11":0,"12":0,"13":0,"14":0,"15":0,"16":0,"17":0,"18":0,"19":0,"20":0,"21":1},"f":{"0":5,"1":0,"2":0,"3":0,"4":0},"b":{"0":[0,0],"1":[0,0],"2":[0,0],"3":[0,0],"4":[0,0,0],"5":[0,0],"6":[0,0]},"_coverageSchema":"1a1c01bbd47fc00a2c39e90264f33305004495a9","hash":"fad9926b983d622ebc4b258d2453c6d6173ae402"}
,"C:\\INSY7314_Source_VSC\\PulseVote\\PulseVote_backend\\Models\\Organisation.js": {"path":"C:\\INSY7314_Source_VSC\\PulseVote\\PulseVote_backend\\Models\\Organisation.js","statementMap":{"0":{"start":{"line":1,"column":17},"end":{"line":1,"column":36}},"1":{"start":{"line":2,"column":15},"end":{"line":2,"column":32}},"2":{"start":{"line":4,"column":27},"end":{"line":9,"column":2}},"3":{"start":{"line":11,"column":0},"end":{"line":14,"column":2}},"4":{"start":{"line":12,"column":0},"end":{"line":12,"column":54}},"5":{"start":{"line":13,"column":0},"end":{"line":13,"column":21}},"6":{"start":{"line":16,"column":0},"end":{"line":16,"column":68}}},"fnMap":{"0":{"name":"(anonymous_0)","decl":{"start":{"line":11,"column":46},"end":{"line":11,"column":47}},"loc":{"start":{"line":11,"column":58},"end":{"line":14,"column":1}},"line":11}},"branchMap":{},"s":{"0":1,"1":1,"2":1,"3":1,"4":0,"5":0,"6":1},"f":{"0":0},"b":{},"_coverageSchema":"1a1c01bbd47fc00a2c39e90264f33305004495a9","hash":"e320fc8ac04ab3818ba28e721bd5e60ca393eaaa"}
,"C:\\INSY7314_Source_VSC\\PulseVote\\PulseVote_backend\\Models\\Poll.js": {"path":"C:\\INSY7314_Source_VSC\\PulseVote\\PulseVote_backend\\Models\\Poll.js","statementMap":{"0":{"start":{"line":1,"column":17},"end":{"line":1,"column":36}},"1":{"start":{"line":3,"column":19},"end":{"line":6,"column":18}},"2":{"start":{"line":8,"column":19},"end":{"line":15,"column":2}},"3":{"start":{"line":17,"column":0},"end":{"line":17,"column":40}},"4":{"start":{"line":19,"column":0},"end":{"line":19,"column":52}}},"fnMap":{},"branchMap":{},"s":{"0":1,"1":1,"2":1,"3":1,"4":1},"f":{},"b":{},"_coverageSchema":"1a1c01bbd47fc00a2c39e90264f33305004495a9","hash":"8b74235b3b27d5555684f4c77e6b450ea19170d7"}
,"C:\\INSY7314_Source_VSC\\PulseVote\\PulseVote_backend\\Models\\User.js": {"path":"C:\\INSY7314_Source_VSC\\PulseVote\\PulseVote_backend\\Models\\User.js","statementMap":{"0":{"start":{"line":1,"column":17},"end":{"line":1,"column":36}},"1":{"start":{"line":2,"column":15},"end":{"line":2,"column":32}},"2":{"start":{"line":4,"column":19},"end":{"line":14,"column":18}},"3":{"start":{"line":16,"column":19},"end":{"line":20,"column":2}},"4":{"start":{"line":22,"column":0},"end":{"line":27,"column":3}},"5":{"start":{"line":23,"column":2},"end":{"line":23,"column":43}},"6":{"start":{"line":23,"column":36},"end":{"line":23,"column":43}},"7":{"start":{"line":25,"column":15},"end":{"line":25,"column":39}},"8":{"start":{"line":26,"column":2},"end":{"line":26,"column":57}},"9":{"start":{"line":29,"column":0},"end":{"line":31,"column":2}},"10":{"start":{"line":30,"column":2},"end":{"line":30,"column":58}},"11":{"start":{"line":33,"column":0},"end":{"line":33,"column":52}}},"fnMap":{"0":{"name":"(anonymous_0)","decl":{"start":{"line":22,"column":23},"end":{"line":22,"column":24}},"loc":{"start":{"line":22,"column":41},"end":{"line":27,"column":1}},"line":22},"1":{"name":"(anonymous_1)","decl":{"start":{"line":29,"column":37},"end":{"line":29,"column":38}},"loc":{"start":{"line":29,"column":66},"end":{"line":31,"column":1}},"line":29}},"branchMap":{"0":{"loc":{"start":{"line":23,"column":2},"end":{"line":23,"column":43}},"type":"if","locations":[{"start":{"line":23,"column":2},"end":{"line":23,"column":43}},{"start":{},"end":{}}],"line":23}},"s":{"0":1,"1":1,"2":1,"3":1,"4":1,"5":0,"6":0,"7":0,"8":0,"9":1,"10":0,"11":1},"f":{"0":0,"1":0},"b":{"0":[0,0]},"_coverageSchema":"1a1c01bbd47fc00a2c39e90264f33305004495a9","hash":"2244d39b04983ff4e9c02c31a523b5cc0af8da83"}
,"C:\\INSY7314_Source_VSC\\PulseVote\\PulseVote_backend\\Routes\\OrganisationRoutes.js": {"path":"C:\\INSY7314_Source_VSC\\PulseVote\\PulseVote_backend\\Routes\\OrganisationRoutes.js","statementMap":{"0":{"start":{"line":1,"column":16},"end":{"line":1,"column":34}},"1":{"start":{"line":2,"column":20},"end":{"line":2,"column":59}},"2":{"start":{"line":3,"column":24},"end":{"line":3,"column":63}},"3":{"start":{"line":9,"column":4},"end":{"line":9,"column":52}},"4":{"start":{"line":11,"column":15},"end":{"line":11,"column":31}},"5":{"start":{"line":13,"column":0},"end":{"line":13,"column":61}},"6":{"start":{"line":14,"column":0},"end":{"line":14,"column":89}},"7":{"start":{"line":15,"column":0},"end":{"line":15,"column":102}},"8":{"start":{"line":16,"column":0},"end":{"line":16,"column":61}},"9":{"start":{"line":18,"column":0},"end":{"line":18,"column":24}}},"fnMap":{},"branchMap":{},"s":{"0":1,"1":1,"2":1,"3":1,"4":1,"5":1,"6":1,"7":1,"8":1,"9":1},"f":{},"b":{},"_coverageSchema":"1a1c01bbd47fc00a2c39e90264f33305004495a9","hash":"f2103527664c4c447dcebbde1776cc43109d4396"}
,"C:\\INSY7314_Source_VSC\\PulseVote\\PulseVote_backend\\Routes\\PollRoutes.js": {"path":"C:\\INSY7314_Source_VSC\\PulseVote\\PulseVote_backend\\Routes\\PollRoutes.js","statementMap":{"0":{"start":{"line":1,"column":16},"end":{"line":1,"column":34}},"1":{"start":{"line":2,"column":20},"end":{"line":2,"column":59}},"2":{"start":{"line":3,"column":24},"end":{"line":3,"column":63}},"3":{"start":{"line":11,"column":4},"end":{"line":11,"column":44}},"4":{"start":{"line":13,"column":15},"end":{"line":13,"column":31}},"5":{"start":{"line":15,"column":0},"end":{"line":15,"column":73}},"6":{"start":{"line":16,"column":0},"end":{"line":16,"column":69}},"7":{"start":{"line":17,"column":0},"end":{"line":17,"column":65}},"8":{"start":{"line":18,"column":0},"end":{"line":18,"column":63}},"9":{"start":{"line":19,"column":0},"end":{"line":19,"column":50}},"10":{"start":{"line":20,"column":0},"end":{"line":20,"column":48}},"11":{"start":{"line":22,"column":0},"end":{"line":22,"column":24}}},"fnMap":{},"branchMap":{},"s":{"0":1,"1":1,"2":1,"3":1,"4":1,"5":1,"6":1,"7":1,"8":1,"9":1,"10":1,"11":1},"f":{},"b":{},"_coverageSchema":"1a1c01bbd47fc00a2c39e90264f33305004495a9","hash":"d13ddbbdfdcbb2f2c668883f4575c8de3ada3a13"}
,"C:\\INSY7314_Source_VSC\\PulseVote\\PulseVote_backend\\Routes\\authRoutes.js": {"path":"C:\\INSY7314_Source_VSC\\PulseVote\\PulseVote_backend\\Routes\\authRoutes.js","statementMap":{"0":{"start":{"line":3,"column":16},"end":{"line":3,"column":34}},"1":{"start":{"line":4,"column":41},"end":{"line":4,"column":77}},"2":{"start":{"line":10,"column":4},"end":{"line":10,"column":44}},"3":{"start":{"line":12,"column":15},"end":{"line":12,"column":31}},"4":{"start":{"line":13,"column":17},"end":{"line":13,"column":45}},"5":{"start":{"line":15,"column":20},"end":{"line":15,"column":59}},"6":{"start":{"line":16,"column":24},"end":{"line":16,"column":63}},"7":{"start":{"line":20,"column":23},"end":{"line":22,"column":17}},"8":{"start":{"line":24,"column":26},"end":{"line":28,"column":16}},"9":{"start":{"line":31,"column":0},"end":{"line":31,"column":81}},"10":{"start":{"line":32,"column":0},"end":{"line":32,"column":118}},"11":{"start":{"line":33,"column":0},"end":{"line":33,"column":83}},"12":{"start":{"line":34,"column":0},"end":{"line":34,"column":92}},"13":{"start":{"line":35,"column":0},"end":{"line":35,"column":106}},"14":{"start":{"line":36,"column":0},"end":{"line":36,"column":24}}},"fnMap":{},"branchMap":{},"s":{"0":1,"1":1,"2":1,"3":1,"4":1,"5":1,"6":1,"7":1,"8":1,"9":1,"10":1,"11":1,"12":1,"13":1,"14":1},"f":{},"b":{},"_coverageSchema":"1a1c01bbd47fc00a2c39e90264f33305004495a9","hash":"c0c44c6f9ee63b55e3110728451155527a749879"}
,"C:\\INSY7314_Source_VSC\\PulseVote\\PulseVote_backend\\utils\\generateToken.js": {"path":"C:\\INSY7314_Source_VSC\\PulseVote\\PulseVote_backend\\utils\\generateToken.js","statementMap":{"0":{"start":{"line":1,"column":12},"end":{"line":1,"column":35}},"1":{"start":{"line":4,"column":2},"end":{"line":8,"column":4}},"2":{"start":{"line":11,"column":0},"end":{"line":11,"column":31}}},"fnMap":{"0":{"name":"generateToken","decl":{"start":{"line":3,"column":9},"end":{"line":3,"column":22}},"loc":{"start":{"line":3,"column":29},"end":{"line":9,"column":1}},"line":3}},"branchMap":{},"s":{"0":1,"1":0,"2":1},"f":{"0":0},"b":{},"_coverageSchema":"1a1c01bbd47fc00a2c39e90264f33305004495a9","hash":"165ca8c7032eeffc38bb9fae7ed17922f1a7eada"}
}
